<?xml version="1.0" encoding="UTF-8"?>
<!-- Generated by org.testng.reporters.JUnitReportReporter -->
<testsuite skipped="0" hostname="RoliaDesktop" name="testngExapledemo.GroupingDemo" tests="2" failures="0" timestamp="2020-05-02T16:31:22 EDT" time="0.007" errors="0">
  <testcase name="test2" time="0.001" classname="testngExapledemo.GroupingDemo"/>
  <system-out/>
  <testcase name="test1" time="0.006" classname="testngExapledemo.GroupingDemo"/>
  <system-out/>
</testsuite> <!-- testngExapledemo.GroupingDemo -->
