<?xml version="1.0" encoding="UTF-8"?>
<!-- Generated by org.testng.reporters.JUnitReportReporter -->
<testsuite skipped="0" hostname="RoliaDesktop" name="gtplBank_SignIn.LoginTest" tests="2" failures="0" timestamp="2020-05-02T16:01:25 EDT" time="0.070" errors="0">
  <testcase name="UrlTest" time="0.038" classname="gtplBank_SignIn.LoginTest"/>
  <system-out/>
  <testcase name="titleTest" time="0.032" classname="gtplBank_SignIn.LoginTest"/>
  <system-out/>
</testsuite> <!-- gtplBank_SignIn.LoginTest -->
